<?xml version="1.0" encoding="UTF-8"?>
<testng-results skipped="0" failed="0" total="1" passed="1">
  <reporter-output>
  </reporter-output>
  <suite name="Default suite" duration-ms="22824" started-at="2019-07-26T04:31:44Z" finished-at="2019-07-26T04:32:07Z">
    <groups>
    </groups>
    <test name="Default test" duration-ms="22824" started-at="2019-07-26T04:31:44Z" finished-at="2019-07-26T04:32:07Z">
      <class name="SeleniumDemo.NewTest">
        <test-method status="PASS" signature="beforeClass()[pri:0, instance:SeleniumDemo.NewTest@5f375618]" name="beforeClass" is-config="true" duration-ms="5739" started-at="2019-07-26T10:01:44Z" finished-at="2019-07-26T10:01:49Z">
          <reporter-output>
          </reporter-output>
        </test-method> <!-- beforeClass -->
        <test-method status="PASS" signature="search()[pri:0, instance:SeleniumDemo.NewTest@5f375618]" name="search" duration-ms="12049" started-at="2019-07-26T10:01:49Z" finished-at="2019-07-26T10:02:02Z">
          <reporter-output>
          </reporter-output>
        </test-method> <!-- search -->
        <test-method status="PASS" signature="afterClass()[pri:0, instance:SeleniumDemo.NewTest@5f375618]" name="afterClass" is-config="true" duration-ms="5001" started-at="2019-07-26T10:02:02Z" finished-at="2019-07-26T10:02:07Z">
          <reporter-output>
          </reporter-output>
        </test-method> <!-- afterClass -->
      </class> <!-- SeleniumDemo.NewTest -->
    </test> <!-- Default test -->
  </suite> <!-- Default suite -->
</testng-results>
